<?xml version="1.0" encoding="utf-8"?><testsuites name="pytest tests"><testsuite name="pytest" errors="0" failures="0" skipped="0" tests="18" time="14.373" timestamp="2026-06-10T07:26:25.457625+00:00" hostname="agent-env-87cfa708-f5bc-404d-a785-96852c9e6a5c"><testcase classname="tests.test_encore_phase2.TestHealth" name="test_health_transcription_configured" time="0.211" /><testcase classname="tests.test_encore_phase2.TestAssignments" name="test_create_assignment_on_draft_returns_409" time="0.518" /><testcase classname="tests.test_encore_phase2.TestAssignments" name="test_create_assignment_on_approved_201" time="0.100" /><testcase classname="tests.test_encore_phase2.TestAssignments" name="test_time_limit_default_180" time="0.047" /><testcase classname="tests.test_encore_phase2.TestAssignments" name="test_time_limit_out_of_range" time="0.095" /><testcase classname="tests.test_encore_phase2.TestAssignments" name="test_list_assignments_for_case_newest_first" time="0.141" /><testcase classname="tests.test_encore_phase2.TestAssignments" name="test_list_assignments_cross_manager_404" time="0.321" /><testcase classname="tests.test_encore_phase2.TestAssignments" name="test_delete_assignment_cross_manager_404_then_self_204" time="0.189" /><testcase classname="tests.test_encore_phase2.TestTakeFlow" name="test_get_take_bad_token_404" time="0.046" /><testcase classname="tests.test_encore_phase2.TestTakeFlow" name="test_get_take_strips_rubric_and_flips_to_in_progress" time="0.204" /><testcase classname="tests.test_encore_phase2.TestTakeFlow" name="test_progress_autosave_204" time="0.234" /><testcase classname="tests.test_encore_phase2.TestTakeFlow" name="test_audio_unknown_section_400" time="0.122" /><testcase classname="tests.test_encore_phase2.TestTakeFlow" name="test_audio_empty_file_400" time="0.103" /><testcase classname="tests.test_encore_phase2.TestTakeFlow" name="test_audio_upload_succeeds_and_storage_path_prefix" time="10.198" /><testcase classname="tests.test_encore_phase2.TestTakeFlow" name="test_submit_requires_honor_code" time="0.123" /><testcase classname="tests.test_encore_phase2.TestTakeFlow" name="test_submit_success_then_409" time="0.484" /><testcase classname="tests.test_encore_phase2.TestResponsesManager" name="test_response_cross_manager_404" time="0.343" /><testcase classname="tests.test_encore_phase2.TestResponsesManager" name="test_response_audio_stream_jwt" time="0.802" /></testsuite></testsuites>