<?xml version="1.0" encoding="utf-8"?><testsuites name="pytest tests"><testsuite name="pytest" errors="0" failures="0" skipped="0" tests="10" time="1.718" timestamp="2026-06-10T08:03:40.409082+00:00" hostname="agent-env-87cfa708-f5bc-404d-a785-96852c9e6a5c"><testcase classname="backend.tests.test_encore_phase4.TestManagerStats" name="test_requires_auth" time="0.148" /><testcase classname="backend.tests.test_encore_phase4.TestManagerStats" name="test_returns_full_shape" time="0.358" /><testcase classname="backend.tests.test_encore_phase4.TestManagerStats" name="test_demo_seed_counts_and_badges" time="0.060" /><testcase classname="backend.tests.test_encore_phase4.TestManagerStats" name="test_scoped_to_manager_b_is_empty" time="0.334" /><testcase classname="backend.tests.test_encore_phase4.TestRegressionSmoke" name="test_health" time="0.049" /><testcase classname="backend.tests.test_encore_phase4.TestRegressionSmoke" name="test_login_works" time="0.273" /><testcase classname="backend.tests.test_encore_phase4.TestRegressionSmoke" name="test_list_roles" time="0.058" /><testcase classname="backend.tests.test_encore_phase4.TestRegressionSmoke" name="test_create_role" time="0.054" /><testcase classname="backend.tests.test_encore_phase4.TestRegressionSmoke" name="test_case_generate_503_without_key" time="0.107" /><testcase classname="backend.tests.test_encore_phase4.TestRegressionSmoke" name="test_leaderboard_works" time="0.192" /></testsuite></testsuites>