<?xml version="1.0" encoding="utf-8"?><testsuites name="pytest tests"><testsuite name="pytest" errors="0" failures="0" skipped="0" tests="18" time="5.048" timestamp="2026-06-10T07:48:47.163970+00:00" hostname="agent-env-87cfa708-f5bc-404d-a785-96852c9e6a5c"><testcase classname="backend.tests.test_encore_phase3.TestEvaluation" name="test_get_evaluation_alice_returns_seed" time="0.605" /><testcase classname="backend.tests.test_encore_phase3.TestEvaluation" name="test_evaluate_alice_idempotent_returns_existing" time="0.055" /><testcase classname="backend.tests.test_encore_phase3.TestEvaluation" name="test_evaluate_cross_manager_404" time="0.320" /><testcase classname="backend.tests.test_encore_phase3.TestEvaluation" name="test_get_evaluation_cross_manager_404" time="0.047" /><testcase classname="backend.tests.test_encore_phase3.TestEvaluation" name="test_evaluate_unknown_assignment_404" time="0.050" /><testcase classname="backend.tests.test_encore_phase3.TestEvaluation" name="test_evaluate_not_submitted_409" time="0.048" /><testcase classname="backend.tests.test_encore_phase3.TestEvaluation" name="test_evaluate_submitted_no_eval_returns_503" time="0.180" /><testcase classname="backend.tests.test_encore_phase3.TestDecisions" name="test_create_decision_advance" time="0.137" /><testcase classname="backend.tests.test_encore_phase3.TestDecisions" name="test_decision_upserts_to_reject" time="0.187" /><testcase classname="backend.tests.test_encore_phase3.TestDecisions" name="test_decision_invalid_outcome_422" time="0.093" /><testcase classname="backend.tests.test_encore_phase3.TestDecisions" name="test_decision_unknown_response_404" time="0.048" /><testcase classname="backend.tests.test_encore_phase3.TestDecisions" name="test_decision_cross_manager_404" time="0.094" /><testcase classname="backend.tests.test_encore_phase3.TestLeaderboard" name="test_leaderboard_sorts_and_includes_decision" time="0.056" /><testcase classname="backend.tests.test_encore_phase3.TestLeaderboard" name="test_leaderboard_cross_manager_404" time="0.044" /><testcase classname="backend.tests.test_encore_phase3.TestAudioJwtStreaming" name="test_audio_stream_missing_t_401" time="0.108" /><testcase classname="backend.tests.test_encore_phase3.TestAudioJwtStreaming" name="test_audio_stream_invalid_t_401" time="0.109" /><testcase classname="backend.tests.test_encore_phase3.TestAudioJwtStreaming" name="test_audio_stream_valid_t_passes_auth" time="0.462" /><testcase classname="backend.tests.test_encore_phase3.TestAutoEvaluateNoOp" name="test_submit_does_not_create_evaluation_when_key_missing" time="2.314" /></testsuite></testsuites>