<?xml version="1.0" encoding="utf-8"?><testsuites name="pytest tests"><testsuite name="pytest" errors="0" failures="0" skipped="0" tests="20" time="3.192" timestamp="2026-06-10T06:52:49.131669+00:00" hostname="agent-env-87cfa708-f5bc-404d-a785-96852c9e6a5c"><testcase classname="tests.test_encore_phase1.TestHealth" name="test_root_health" time="0.141" /><testcase classname="tests.test_encore_phase1.TestHealth" name="test_cases_health_unconfigured" time="0.043" /><testcase classname="tests.test_encore_phase1.TestAuth" name="test_login_demo_success" time="0.268" /><testcase classname="tests.test_encore_phase1.TestAuth" name="test_login_wrong_password" time="0.265" /><testcase classname="tests.test_encore_phase1.TestAuth" name="test_me_valid_token" time="0.312" /><testcase classname="tests.test_encore_phase1.TestAuth" name="test_me_no_token" time="0.106" /><testcase classname="tests.test_encore_phase1.TestAuth" name="test_me_invalid_token" time="0.104" /><testcase classname="tests.test_encore_phase1.TestAuth" name="test_signup_duplicate_email" time="0.044" /><testcase classname="tests.test_encore_phase1.TestRoles" name="test_create_role_new_schema" time="0.044" /><testcase classname="tests.test_encore_phase1.TestRoles" name="test_patch_role_partial_update" time="0.212" /><testcase classname="tests.test_encore_phase1.TestRoles" name="test_patch_role_other_manager_404" time="0.391" /><testcase classname="tests.test_encore_phase1.TestRoles" name="test_get_role_isolation" time="0.129" /><testcase classname="tests.test_encore_phase1.TestCaseGeneration503" name="test_generate_returns_503" time="0.097" /><testcase classname="tests.test_encore_phase1.TestCaseLifecycle" name="test_get_seeded_case" time="0.287" /><testcase classname="tests.test_encore_phase1.TestCaseLifecycle" name="test_patch_case_title_and_scenario" time="0.087" /><testcase classname="tests.test_encore_phase1.TestCaseLifecycle" name="test_regenerate_503" time="0.044" /><testcase classname="tests.test_encore_phase1.TestCaseLifecycle" name="test_regenerate_section_503" time="0.085" /><testcase classname="tests.test_encore_phase1.TestCaseLifecycle" name="test_approve_locks_patch" time="0.089" /><testcase classname="tests.test_encore_phase1.TestCaseLifecycle" name="test_reopen_restores_draft" time="0.133" /><testcase classname="tests.test_encore_phase1.TestCaseLifecycle" name="test_case_scope_isolation" time="0.216" /></testsuite></testsuites>